<?xml version="1.0" encoding="UTF-8"?>
<!-- Generated by org.testng.reporters.JUnitReportReporter -->
<testsuite hostname="DESKTOP-OEITOCU" failures="0" tests="2" name="com.capstoneProject.Main" time="34.909" errors="0" timestamp="2023-11-04T19:43:44 IST" skipped="0">
  <testcase classname="com.capstoneProject.Main" name="loginAsUser" time="9.772"/>
  <testcase classname="com.capstoneProject.Main" name="loginAsSupplier" time="25.137"/>
</testsuite> <!-- com.capstoneProject.Main -->
